[debug] [2018-04-15T00:16:47.792Z] ----------------------------------------------------------------------
[debug] [2018-04-15T00:16:47.799Z] Command:       /usr/local/bin/node /usr/local/bin/firebase deploy
[debug] [2018-04-15T00:16:47.800Z] CLI Version:   3.17.4
[debug] [2018-04-15T00:16:47.800Z] Platform:      linux
[debug] [2018-04-15T00:16:47.800Z] Node Version:  v8.3.0
[debug] [2018-04-15T00:16:47.801Z] Time:          Sat Apr 14 2018 17:16:47 GMT-0700 (PDT)
[debug] [2018-04-15T00:16:47.801Z] ----------------------------------------------------------------------
[debug] 
[debug] [2018-04-15T00:16:47.831Z] > command requires scopes: ["email","openid","https://www.googleapis.com/auth/cloudplatformprojects.readonly","https://www.googleapis.com/auth/firebase","https://www.googleapis.com/auth/cloud-platform"]
[debug] [2018-04-15T00:16:47.831Z] > authorizing via signed-in user
[debug] [2018-04-15T00:16:47.836Z] > refreshing access token with scopes: ["email","https://www.googleapis.com/auth/cloud-platform","https://www.googleapis.com/auth/cloudplatformprojects.readonly","https://www.googleapis.com/auth/firebase","openid"]
[debug] [2018-04-15T00:16:47.837Z] >>> HTTP REQUEST POST https://www.googleapis.com/oauth2/v3/token  
 { refresh_token: '1/wAQFlCJVK5CEr6t5-yHEwUTqyLCT1tsCe13O86iN7Sg',
  client_id: '563584335869-fgrhgmd47bqnekij5i8b5pr03ho849e6.apps.googleusercontent.com',
  client_secret: 'j9iVZfS8kkCEFUPaAeJV0sAi',
  grant_type: 'refresh_token',
  scope: 'email https://www.googleapis.com/auth/cloud-platform https://www.googleapis.com/auth/cloudplatformprojects.readonly https://www.googleapis.com/auth/firebase openid' } 
 Sat Apr 14 2018 17:16:47 GMT-0700 (PDT)
[debug] [2018-04-15T00:16:48.402Z] <<< HTTP RESPONSE 200
[debug] [2018-04-15T00:16:48.411Z] >>> HTTP REQUEST GET https://admin.firebase.com/v1/projects/browsehandsfree  
  
 Sat Apr 14 2018 17:16:48 GMT-0700 (PDT)
[debug] [2018-04-15T00:16:48.949Z] <<< HTTP RESPONSE 200
[debug] [2018-04-15T00:16:48.951Z] >>> HTTP REQUEST GET https://admin.firebase.com/v1/database/browsehandsfree/tokens  
  
 Sat Apr 14 2018 17:16:48 GMT-0700 (PDT)
[debug] [2018-04-15T00:16:49.535Z] <<< HTTP RESPONSE 200
[info] 
[info] === Deploying to 'browsehandsfree'...
[info] 
[info] i  deploying hosting
[info] i  hosting: preparing dist directory for upload...
[debug] [2018-04-15T00:16:53.577Z] >>> HTTP REQUEST PUT https://deploy.firebase.com/v1/hosting/browsehandsfree/uploads/-LA5eKmjyvqDncQAhJXm?fileCount=14&message=  
  
 Sat Apr 14 2018 17:16:53 GMT-0700 (PDT)
